<?xml version="1.0" encoding="UTF-8"?>
<!-- Generated by org.testng.reporters.JUnitReportReporter -->
<testsuite hostname="DESKTOP-VPGNVVF" name="com.qa.pages.TestApiPage" tests="5" failures="0" timestamp="25 May 2018 18:54:33 GMT" time="45.701" errors="0">
  <testcase name="multiTouch" time="8.676" classname="com.qa.pages.TestApiPage"/>
  <testcase name="scrollToElement" time="8.169" classname="com.qa.pages.TestApiPage"/>
  <testcase name="hortizonalSwipe" time="21.982" classname="com.qa.pages.TestApiPage"/>
  <testcase name="seekBarMove" time="4.996" classname="com.qa.pages.TestApiPage"/>
  <testcase name="tapOnMethod" time="1.878" classname="com.qa.pages.TestApiPage"/>
</testsuite> <!-- com.qa.pages.TestApiPage -->
